<?xml version="1.0" encoding="UTF-8"?>
<!-- Generated by org.testng.reporters.JUnitReportReporter -->
<testsuite name="com.qa.example.testpkg2.Base" tests="1" time="0.011" ignored="0" failures="0" timestamp="15 Feb 2017 13:42:11 GMT" skipped="0" hostname="os-kapil" errors="0">
  <testcase name="m1" time="0.011" classname="com.qa.example.testpkg2.Base"/>
</testsuite> <!-- com.qa.example.testpkg2.Base -->
